2021-09-27 21:03:13,605:DEBUG:discord.client: on_ready has successfully been registered as an event
2021-09-27 21:03:13,606:INFO:discord.client: logging in using static token
2021-09-27 21:03:18,779:DEBUG:discord.http: GET https://discord.com/api/v7/users/@me with None has returned 200
2021-09-27 21:03:18,780:DEBUG:discord.http: GET https://discord.com/api/v7/users/@me has received {'id': '891963184083267624', 'username': 'Horny Bot', 'avatar': 'fa74f2bbc539b420dd58575fa88f8203', 'discriminator': '5917', 'public_flags': 0, 'flags': 0, 'bot': True, 'banner': None, 'banner_color': None, 'accent_color': None, 'bio': '', 'locale': 'en-US', 'mfa_enabled': False, 'email': None, 'verified': True}
2021-09-27 21:03:18,803:DEBUG:discord.http: GET https://discord.com/api/v7/gateway with None has returned 200
2021-09-27 21:03:18,803:DEBUG:discord.http: GET https://discord.com/api/v7/gateway has received {'url': 'wss://gateway.discord.gg'}
2021-09-27 21:03:19,395:DEBUG:discord.gateway: Created websocket connected to wss://gateway.discord.gg?encoding=json&v=6&compress=zlib-stream
2021-09-27 21:03:19,395:DEBUG:discord.client: Dispatching event socket_raw_receive
2021-09-27 21:03:19,395:DEBUG:discord.gateway: For Shard ID None: WebSocket Event: {'t': None, 's': None, 'op': 10, 'd': {'heartbeat_interval': 41250, '_trace': ['["gateway-prd-main-7qwt",{"micros":0.0}]']}}
2021-09-27 21:03:19,395:DEBUG:discord.client: Dispatching event socket_response
2021-09-27 21:03:19,395:DEBUG:discord.client: Dispatching event socket_raw_send
2021-09-27 21:03:19,396:DEBUG:discord.client: Dispatching event socket_raw_send
2021-09-27 21:03:19,396:INFO:discord.gateway: Shard ID None has sent the IDENTIFY payload.
2021-09-27 21:03:19,784:DEBUG:discord.client: Dispatching event socket_raw_receive
2021-09-27 21:03:19,784:DEBUG:discord.gateway: For Shard ID None: WebSocket Event: {'t': None, 's': None, 'op': 11, 'd': None}
2021-09-27 21:03:19,784:DEBUG:discord.client: Dispatching event socket_response
2021-09-27 21:03:19,867:DEBUG:discord.client: Dispatching event socket_raw_receive
2021-09-27 21:03:19,867:DEBUG:discord.gateway: For Shard ID None: WebSocket Event: {'t': 'READY', 's': 1, 'op': 0, 'd': {'v': 6, 'user_settings': {}, 'user': {'verified': True, 'username': 'Horny Bot', 'mfa_enabled': False, 'id': '891963184083267624', 'flags': 0, 'email': None, 'discriminator': '5917', 'bot': True, 'avatar': 'fa74f2bbc539b420dd58575fa88f8203'}, 'session_id': 'f54d8598f2ecf0ef13c5909839121eaa', 'relationships': [], 'private_channels': [], 'presences': [], 'guilds': [{'unavailable': True, 'id': '802553512500002836'}], 'guild_join_requests': [], 'geo_ordered_rtc_regions': ['india', 'dubai', 'hongkong', 'singapore', 'russia'], 'application': {'id': '891963184083267624', 'flags': 262144}, '_trace': ['["gateway-prd-main-7qwt",{"micros":82348,"calls":["discord-sessions-green-prd-2-147",{"micros":81339,"calls":["start_session",{"micros":51166,"calls":["api-prd-main-q0k4",{"micros":47966,"calls":["get_user",{"micros":3273},"add_authorized_ip",{"micros":1712},"get_guilds",{"micros":8143},"coros_wait",{"micros":0}]}]},"guilds_connect",{"micros":2,"calls":[]},"presence_connect",{"micros":29312,"calls":[]}]}]}]']}}
2021-09-27 21:03:19,867:DEBUG:discord.client: Dispatching event socket_response
2021-09-27 21:03:19,867:INFO:discord.gateway: Shard ID None has connected to Gateway: ["gateway-prd-main-7qwt",{"micros":82348,"calls":["discord-sessions-green-prd-2-147",{"micros":81339,"calls":["start_session",{"micros":51166,"calls":["api-prd-main-q0k4",{"micros":47966,"calls":["get_user",{"micros":3273},"add_authorized_ip",{"micros":1712},"get_guilds",{"micros":8143},"coros_wait",{"micros":0}]}]},"guilds_connect",{"micros":2,"calls":[]},"presence_connect",{"micros":29312,"calls":[]}]}]}] (Session ID: f54d8598f2ecf0ef13c5909839121eaa).
2021-09-27 21:03:19,878:DEBUG:discord.client: Dispatching event connect
2021-09-27 21:03:19,880:DEBUG:discord.client: Dispatching event socket_raw_receive
2021-09-27 21:03:19,880:DEBUG:discord.gateway: For Shard ID None: WebSocket Event: {'t': 'GUILD_CREATE', 's': 2, 'op': 0, 'd': {'nsfw_level': 0, 'verification_level': 0, 'default_message_notifications': 0, 'name': 'I like Boomer', 'max_members': 250000, 'description': None, 'voice_states': [], 'region': 'india', 'public_updates_channel_id': None, 'member_count': 17, 'application_command_counts': {'3': 1, '2': 0, '1': 57}, 'owner_id': '724697439809962045', 'nsfw': False, 'guild_scheduled_events': [], 'explicit_content_filter': 0, 'guild_hashes': {'version': 1, 'roles': {'omitted': False, 'hash': 'DCVrTVbnunM'}, 'metadata': {'omitted': False, 'hash': 'UiBFXk4GTgA'}, 'channels': {'omitted': False, 'hash': '1RdHbcsLmWw'}}, 'system_channel_flags': 0, 'members': [{'user': {'username': 'Horny Bot', 'id': '891963184083267624', 'discriminator': '5917', 'bot': True, 'avatar': 'fa74f2bbc539b420dd58575fa88f8203'}, 'roles': ['891964087091732511'], 'premium_since': None, 'pending': False, 'nick': None, 'mute': False, 'joined_at': '2021-09-27T08:26:50.300171+00:00', 'is_pending': False, 'hoisted_role': None, 'deaf': False, 'avatar': None}], 'presences': [], 'application_command_count': 57, 'application_id': None, 'joined_at': '2021-09-27T08:26:50.300171+00:00', 'channels': [{'type': 4, 'position': 0, 'permission_overwrites': [], 'name': 'Text Channels', 'id': '802553512500002838'}, {'type': 4, 'position': 0, 'permission_overwrites': [], 'name': 'Voice Channels', 'id': '802553512500002839'}, {'type': 0, 'topic': 'GAMING', 'rate_limit_per_user': 0, 'position': 0, 'permission_overwrites': [], 'parent_id': '802553512500002838', 'name': 'gaming', 'last_message_id': '892070698464448592', 'id': '802553512500002840'}, {'user_limit': 0, 'type': 2, 'rtc_region': None, 'position': 0, 'permission_overwrites': [], 'parent_id': '802553512500002839', 'name': 'General', 'id': '802553512500002841', 'bitrate': 64000}, {'user_limit': 0, 'type': 2, 'rtc_region': None, 'position': 2, 'permission_overwrites': [], 'parent_id': '802553512500002839', 'name': 'songs', 'id': '819451591542308914', 'bitrate': 64000}, {'type': 0, 'topic': None, 'rate_limit_per_user': 0, 'position': 1, 'permission_overwrites': [], 'parent_id': '802553512500002838', 'name': 'general', 'last_message_id': '885583916394770502', 'id': '819451865984008223'}, {'user_limit': 0, 'type': 2, 'rtc_region': None, 'position': 3, 'permission_overwrites': [{'type': 'member', 'id': '234395307759108106', 'deny_new': '0', 'deny': 0, 'allow_new': '1049600', 'allow': 1049600}, {'type': 'member', 'id': '596168796658728972', 'deny_new': '0', 'deny': 0, 'allow_new': '1049600', 'allow': 1049600}, {'type': 'role', 'id': '802553512500002836', 'deny_new': '1049600', 'deny': 1049600, 'allow_new': '0', 'allow': 0}], 'parent_id': '802553512500002839', 'nsfw': False, 'name': 'ndue', 'id': '819456379819524096', 'bitrate': 64000}, {'user_limit': 0, 'type': 2, 'rtc_region': None, 'position': 4, 'permission_overwrites': [], 'parent_id': '802553512500002839', 'name': 'exams', 'id': '819842425543589889', 'bitrate': 64000}, {'type': 0, 'topic': None, 'rate_limit_per_user': 0, 'position': 2, 'permission_overwrites': [], 'parent_id': '802553512500002838', 'nsfw': False, 'name': 'songs', 'last_message_id': '885601401919660153', 'id': '885577022921912370'}], 'stage_instances': [], 'features': [], 'afk_timeout': 300, 'vanity_url_code': None, 'preferred_locale': 'en-US', 'icon': '4e1f3994c70147296653cd41c6ce0a75', 'threads': [], 'system_channel_id': '802553512500002840', 'afk_channel_id': None, 'emojis': [], 'banner': None, 'id': '802553512500002836', 'lazy': True, 'large': False, 'discovery_splash': None, 'premium_tier': 0, 'stickers': [], 'roles': [{'position': 0, 'permissions_new': '1071698660929', 'permissions': 104320577, 'name': '@everyone', 'mentionable': False, 'managed': False, 'id': '802553512500002836', 'hoist': False, 'color': 0}, {'tags': {'bot_id': '234395307759108106'}, 'position': 3, 'permissions_new': '8', 'permissions': 8, 'name': 'Groovy', 'mentionable': False, 'managed': True, 'id': '819453121155170305', 'hoist': False, 'color': 0}, {'tags': {'bot_id': '270904126974590976'}, 'position': 2, 'permissions_new': '137438953463', 'permissions': 2147483639, 'name': 'Dank Memer', 'mentionable': False, 'managed': True, 'id': '852068134097780757', 'hoist': False, 'color': 0}, {'position': 1, 'permissions_new': '109625986625', 'permissions': 104320577, 'name': 'Legend Bhosdivale', 'mentionable': True, 'managed': False, 'id': '852069152575586304', 'hoist': True, 'color': 15277667}, {'tags': {'bot_id': '228537642583588864'}, 'position': 1, 'permissions_new': '8', 'permissions': 8, 'name': 'Vexera', 'mentionable': False, 'managed': True, 'id': '885577624439631883', 'icon': None, 'hoist': False, 'color': 0}, {'unicode_emoji': None, 'tags': {'bot_id': '891963184083267624'}, 'position': 1, 'permissions_new': '534723947584', 'permissions': 519232, 'name': 'Horny Bot', 'mentionable': False, 'managed': True, 'id': '891964087091732511', 'icon': None, 'hoist': False, 'color': 0}], 'splash': None, 'mfa_level': 0, 'max_video_channel_users': 25, 'premium_subscription_count': 0, 'rules_channel_id': None, 'unavailable': False}}
2021-09-27 21:03:19,881:DEBUG:discord.client: Dispatching event socket_response
2021-09-27 21:03:19,881:DEBUG:discord.client: Dispatching event guild_available
2021-09-27 21:03:21,883:DEBUG:discord.client: Dispatching event ready
2021-09-27 21:03:31,733:DEBUG:discord.client: Dispatching event socket_raw_receive
2021-09-27 21:03:31,733:DEBUG:discord.gateway: For Shard ID None: WebSocket Event: {'t': 'TYPING_START', 's': 3, 'op': 0, 'd': {'user_id': '724697439809962045', 'timestamp': 1632756811, 'member': {'user': {'username': 'Kaustubh Verma(P)', 'public_flags': 0, 'id': '724697439809962045', 'discriminator': '9737', 'avatar': 'a9fc7de2db7869adc9369107fac19d35'}, 'roles': [], 'premium_since': None, 'pending': False, 'nick': 'medias', 'mute': False, 'joined_at': '2021-03-05T11:17:01.800000+00:00', 'is_pending': False, 'hoisted_role': None, 'deaf': False, 'avatar': None}, 'channel_id': '802553512500002840', 'guild_id': '802553512500002836'}}
2021-09-27 21:03:31,734:DEBUG:discord.client: Dispatching event socket_response
2021-09-27 21:03:31,734:DEBUG:discord.client: Dispatching event typing
2021-09-27 21:03:35,729:DEBUG:discord.client: Dispatching event socket_raw_receive
2021-09-27 21:03:35,729:DEBUG:discord.gateway: For Shard ID None: WebSocket Event: {'t': 'MESSAGE_CREATE', 's': 4, 'op': 0, 'd': {'type': 0, 'tts': False, 'timestamp': '2021-09-27T15:33:35.380000+00:00', 'referenced_message': None, 'pinned': False, 'nonce': '892071482333593600', 'mentions': [], 'mention_roles': [], 'mention_everyone': False, 'member': {'roles': [], 'premium_since': None, 'pending': False, 'nick': 'medias', 'mute': False, 'joined_at': '2021-03-05T11:17:01.800000+00:00', 'is_pending': False, 'hoisted_role': None, 'deaf': False, 'avatar': None}, 'id': '892071482774147133', 'flags': 0, 'embeds': [], 'edited_timestamp': None, 'content': '$test hello', 'components': [], 'channel_id': '802553512500002840', 'author': {'username': 'Kaustubh Verma(P)', 'public_flags': 0, 'id': '724697439809962045', 'discriminator': '9737', 'avatar': 'a9fc7de2db7869adc9369107fac19d35'}, 'attachments': [], 'guild_id': '802553512500002836'}}
2021-09-27 21:03:35,729:DEBUG:discord.client: Dispatching event socket_response
2021-09-27 21:03:35,729:DEBUG:discord.client: Dispatching event message
2021-09-27 21:04:00,646:DEBUG:discord.gateway: Keeping shard ID None websocket alive with sequence 4.
2021-09-27 21:04:01,034:DEBUG:discord.client: Dispatching event socket_raw_receive
2021-09-27 21:04:01,034:DEBUG:discord.gateway: For Shard ID None: WebSocket Event: {'t': None, 's': None, 'op': 11, 'd': None}
2021-09-27 21:04:01,034:DEBUG:discord.client: Dispatching event socket_response
2021-09-27 21:04:41,898:DEBUG:discord.gateway: Keeping shard ID None websocket alive with sequence 4.
2021-09-27 21:04:42,285:DEBUG:discord.client: Dispatching event socket_raw_receive
2021-09-27 21:04:42,286:DEBUG:discord.gateway: For Shard ID None: WebSocket Event: {'t': None, 's': None, 'op': 11, 'd': None}
2021-09-27 21:04:42,286:DEBUG:discord.client: Dispatching event socket_response
2021-09-27 21:05:23,149:DEBUG:discord.gateway: Keeping shard ID None websocket alive with sequence 4.
2021-09-27 21:05:23,535:DEBUG:discord.client: Dispatching event socket_raw_receive
2021-09-27 21:05:23,536:DEBUG:discord.gateway: For Shard ID None: WebSocket Event: {'t': None, 's': None, 'op': 11, 'd': None}
2021-09-27 21:05:23,536:DEBUG:discord.client: Dispatching event socket_response
2021-09-27 21:05:48,412:DEBUG:discord.client: Dispatching event socket_raw_receive
2021-09-27 21:05:48,412:DEBUG:discord.gateway: For Shard ID None: WebSocket Event: {'t': 'TYPING_START', 's': 5, 'op': 0, 'd': {'user_id': '724697439809962045', 'timestamp': 1632756948, 'member': {'user': {'username': 'Kaustubh Verma(P)', 'public_flags': 0, 'id': '724697439809962045', 'discriminator': '9737', 'avatar': 'a9fc7de2db7869adc9369107fac19d35'}, 'roles': [], 'premium_since': None, 'pending': False, 'nick': 'medias', 'mute': False, 'joined_at': '2021-03-05T11:17:01.800000+00:00', 'is_pending': False, 'hoisted_role': None, 'deaf': False, 'avatar': None}, 'channel_id': '802553512500002840', 'guild_id': '802553512500002836'}}
2021-09-27 21:05:48,413:DEBUG:discord.client: Dispatching event socket_response
2021-09-27 21:05:48,413:DEBUG:discord.client: Dispatching event typing
2021-09-27 21:05:59,144:DEBUG:discord.client: Dispatching event socket_raw_receive
2021-09-27 21:05:59,144:DEBUG:discord.gateway: For Shard ID None: WebSocket Event: {'t': 'TYPING_START', 's': 6, 'op': 0, 'd': {'user_id': '724697439809962045', 'timestamp': 1632756958, 'member': {'user': {'username': 'Kaustubh Verma(P)', 'public_flags': 0, 'id': '724697439809962045', 'discriminator': '9737', 'avatar': 'a9fc7de2db7869adc9369107fac19d35'}, 'roles': [], 'premium_since': None, 'pending': False, 'nick': 'medias', 'mute': False, 'joined_at': '2021-03-05T11:17:01.800000+00:00', 'is_pending': False, 'hoisted_role': None, 'deaf': False, 'avatar': None}, 'channel_id': '802553512500002840', 'guild_id': '802553512500002836'}}
2021-09-27 21:05:59,145:DEBUG:discord.client: Dispatching event socket_response
2021-09-27 21:05:59,145:DEBUG:discord.client: Dispatching event typing
2021-09-27 21:06:04,401:DEBUG:discord.gateway: Keeping shard ID None websocket alive with sequence 6.
2021-09-27 21:06:04,883:DEBUG:discord.client: Dispatching event socket_raw_receive
2021-09-27 21:06:04,884:DEBUG:discord.gateway: For Shard ID None: WebSocket Event: {'t': None, 's': None, 'op': 11, 'd': None}
2021-09-27 21:06:04,884:DEBUG:discord.client: Dispatching event socket_response
2021-09-27 21:06:08,194:DEBUG:discord.client: Dispatching event socket_raw_receive
2021-09-27 21:06:08,194:DEBUG:discord.gateway: For Shard ID None: WebSocket Event: {'t': 'TYPING_START', 's': 7, 'op': 0, 'd': {'user_id': '724697439809962045', 'timestamp': 1632756967, 'member': {'user': {'username': 'Kaustubh Verma(P)', 'public_flags': 0, 'id': '724697439809962045', 'discriminator': '9737', 'avatar': 'a9fc7de2db7869adc9369107fac19d35'}, 'roles': [], 'premium_since': None, 'pending': False, 'nick': 'medias', 'mute': False, 'joined_at': '2021-03-05T11:17:01.800000+00:00', 'is_pending': False, 'hoisted_role': None, 'deaf': False, 'avatar': None}, 'channel_id': '802553512500002840', 'guild_id': '802553512500002836'}}
2021-09-27 21:06:08,194:DEBUG:discord.client: Dispatching event socket_response
2021-09-27 21:06:08,194:DEBUG:discord.client: Dispatching event typing
2021-09-27 21:06:09,401:DEBUG:discord.client: Dispatching event socket_raw_receive
2021-09-27 21:06:09,401:DEBUG:discord.gateway: For Shard ID None: WebSocket Event: {'t': 'MESSAGE_CREATE', 's': 8, 'op': 0, 'd': {'type': 0, 'tts': False, 'timestamp': '2021-09-27T15:36:09.103000+00:00', 'referenced_message': None, 'pinned': False, 'nonce': '892072126549327872', 'mentions': [], 'mention_roles': [], 'mention_everyone': False, 'member': {'roles': [], 'premium_since': None, 'pending': False, 'nick': 'medias', 'mute': False, 'joined_at': '2021-03-05T11:17:01.800000+00:00', 'is_pending': False, 'hoisted_role': None, 'deaf': False, 'avatar': None}, 'id': '892072127535144982', 'flags': 0, 'embeds': [], 'edited_timestamp': None, 'content': '$test Hello', 'components': [], 'channel_id': '802553512500002840', 'author': {'username': 'Kaustubh Verma(P)', 'public_flags': 0, 'id': '724697439809962045', 'discriminator': '9737', 'avatar': 'a9fc7de2db7869adc9369107fac19d35'}, 'attachments': [], 'guild_id': '802553512500002836'}}
2021-09-27 21:06:09,401:DEBUG:discord.client: Dispatching event socket_response
2021-09-27 21:06:09,402:DEBUG:discord.client: Dispatching event message
2021-09-27 21:06:45,652:DEBUG:discord.gateway: Keeping shard ID None websocket alive with sequence 8.
2021-09-27 21:06:46,040:DEBUG:discord.client: Dispatching event socket_raw_receive
2021-09-27 21:06:46,041:DEBUG:discord.gateway: For Shard ID None: WebSocket Event: {'t': None, 's': None, 'op': 11, 'd': None}
2021-09-27 21:06:46,041:DEBUG:discord.client: Dispatching event socket_response
2021-09-27 21:07:26,904:DEBUG:discord.gateway: Keeping shard ID None websocket alive with sequence 8.
2021-09-27 21:07:27,293:DEBUG:discord.client: Dispatching event socket_raw_receive
2021-09-27 21:07:27,293:DEBUG:discord.gateway: For Shard ID None: WebSocket Event: {'t': None, 's': None, 'op': 11, 'd': None}
2021-09-27 21:07:27,293:DEBUG:discord.client: Dispatching event socket_response
2021-09-27 21:08:08,156:DEBUG:discord.gateway: Keeping shard ID None websocket alive with sequence 8.
2021-09-27 21:08:08,647:DEBUG:discord.client: Dispatching event socket_raw_receive
2021-09-27 21:08:08,648:DEBUG:discord.gateway: For Shard ID None: WebSocket Event: {'t': None, 's': None, 'op': 11, 'd': None}
2021-09-27 21:08:08,648:DEBUG:discord.client: Dispatching event socket_response
2021-09-27 21:08:49,407:DEBUG:discord.gateway: Keeping shard ID None websocket alive with sequence 8.
2021-09-27 21:08:49,797:DEBUG:discord.client: Dispatching event socket_raw_receive
2021-09-27 21:08:49,797:DEBUG:discord.gateway: For Shard ID None: WebSocket Event: {'t': None, 's': None, 'op': 11, 'd': None}
2021-09-27 21:08:49,797:DEBUG:discord.client: Dispatching event socket_response
2021-09-27 21:09:30,659:DEBUG:discord.gateway: Keeping shard ID None websocket alive with sequence 8.
2021-09-27 21:09:31,051:DEBUG:discord.client: Dispatching event socket_raw_receive
2021-09-27 21:09:31,051:DEBUG:discord.gateway: For Shard ID None: WebSocket Event: {'t': None, 's': None, 'op': 11, 'd': None}
2021-09-27 21:09:31,051:DEBUG:discord.client: Dispatching event socket_response
2021-09-27 21:10:11,910:DEBUG:discord.gateway: Keeping shard ID None websocket alive with sequence 8.
2021-09-27 21:10:12,307:DEBUG:discord.client: Dispatching event socket_raw_receive
2021-09-27 21:10:12,307:DEBUG:discord.gateway: For Shard ID None: WebSocket Event: {'t': None, 's': None, 'op': 11, 'd': None}
2021-09-27 21:10:12,307:DEBUG:discord.client: Dispatching event socket_response
2021-09-27 21:10:36,212:INFO:discord.client: Cleaning up tasks.
2021-09-27 21:10:36,213:INFO:discord.client: Cleaning up after 1 tasks.
2021-09-27 21:10:36,214:INFO:discord.client: All tasks finished cancelling.
2021-09-27 21:10:36,214:INFO:discord.client: Closing the event loop.
